0 info it worked if it ends with ok
1 verbose cli [ 'node', '/usr/local/bin/npm', 'install', '--save-dev', 'fs' ]
2 info using npm@1.4.6
3 info using node@v0.10.26
4 verbose node symlink /usr/local/bin/node
5 warn package.json webapp@0.0.1 No README data
6 verbose readDependencies using package.json deps
7 verbose cache add [ 'fs', null ]
8 verbose cache add name=undefined spec="fs" args=["fs",null]
9 verbose parsed url { protocol: null,
9 verbose parsed url   slashes: null,
9 verbose parsed url   auth: null,
9 verbose parsed url   host: null,
9 verbose parsed url   port: null,
9 verbose parsed url   hostname: null,
9 verbose parsed url   hash: null,
9 verbose parsed url   search: null,
9 verbose parsed url   query: null,
9 verbose parsed url   pathname: 'fs',
9 verbose parsed url   path: 'fs',
9 verbose parsed url   href: 'fs' }
10 silly lockFile 3f4bb586-fs fs
11 verbose lock fs /Users/ricci/.npm/3f4bb586-fs.lock
12 silly lockFile 3f4bb586-fs fs
13 silly lockFile 3f4bb586-fs fs
14 verbose addNamed [ 'fs', '' ]
15 verbose addNamed [ null, '*' ]
16 silly lockFile a107b96b-fs fs@
17 verbose lock fs@ /Users/ricci/.npm/a107b96b-fs.lock
18 silly addNameRange { name: 'fs', range: '*', hasData: false }
19 verbose url raw fs
20 verbose url resolving [ 'https://registry.npmjs.org/', './fs' ]
21 verbose url resolved https://registry.npmjs.org/fs
22 info trying registry request attempt 1 at 15:48:48
23 http GET https://registry.npmjs.org/fs
24 http 404 https://registry.npmjs.org/fs
25 silly registry.get cb [ 404,
25 silly registry.get   { date: 'Thu, 24 Apr 2014 13:48:44 GMT',
25 silly registry.get     server: 'CouchDB/1.5.0 (Erlang OTP/R14B04)',
25 silly registry.get     'content-type': 'application/json',
25 silly registry.get     via: '1.1 varnish',
25 silly registry.get     'cache-control': 'max-age=0',
25 silly registry.get     'content-length': '52',
25 silly registry.get     'accept-ranges': 'bytes',
25 silly registry.get     age: '0',
25 silly registry.get     'x-served-by': 'cache-v44-ASH, cache-fra1233-FRA',
25 silly registry.get     'x-cache': 'MISS, MISS',
25 silly registry.get     'x-cache-hits': '0, 0',
25 silly registry.get     'x-timer': 'S1398347324.697369576,VS0,VS48,VE66,VE118',
25 silly registry.get     'keep-alive': 'timeout=10, max=50',
25 silly registry.get     connection: 'Keep-Alive' } ]
26 silly lockFile a107b96b-fs fs@
27 silly lockFile a107b96b-fs fs@
28 error 404 'fs' is not in the npm registry.
28 error 404 You should bug the author to publish it
28 error 404 It was specified as a dependency of 'webapp'
28 error 404
28 error 404 Note that you can also install from a
28 error 404 tarball, folder, or http url, or git url.
29 error System Darwin 13.1.0
30 error command "node" "/usr/local/bin/npm" "install" "--save-dev" "fs"
31 error cwd /Users/ricci/Workspace/oDesk/preoday/webapp
32 error node -v v0.10.26
33 error npm -v 1.4.6
34 error code E404
35 verbose exit [ 1, true ]
